<?xml version="1.0" encoding="utf-8"?><testsuites><testsuite name="pytest" errors="0" failures="0" skipped="0" tests="1" time="1.445" timestamp="2024-05-21T23:49:42.662896" hostname="fv-az1153-958"><testcase classname="tests.crc8_test" name="test_calculate" time="0.001" /></testsuite></testsuites>