<?xml version="1.0" encoding="utf-8"?><testsuites><testsuite name="pytest" errors="0" failures="0" skipped="0" tests="1" time="1.410" timestamp="2024-05-23T17:42:47.166660" hostname="fv-az984-305"><testcase classname="tests.crc8_test" name="test_calculate" time="0.001" /></testsuite></testsuites>