<?xml version="1.0" encoding="utf-8"?><testsuites><testsuite name="pytest" errors="0" failures="0" skipped="0" tests="1" time="1.426" timestamp="2024-05-23T11:52:24.953724" hostname="fv-az1014-422"><testcase classname="tests.crc8_test" name="test_calculate" time="0.001" /></testsuite></testsuites>