<?xml version="1.0" encoding="utf-8"?><testsuites><testsuite name="pytest" errors="0" failures="0" skipped="0" tests="67" time="3.375" timestamp="2024-06-06T12:20:38.861628" hostname="fv-az585-80"><testcase classname="tests.cloud_test.CloudTest" name="test_get_midea_cloud" time="0.242" /><testcase classname="tests.cloud_test.CloudTest" name="test_meijucloud_download_lua" time="0.014" /><testcase classname="tests.cloud_test.CloudTest" name="test_meijucloud_get_device_info" time="0.007" /><testcase classname="tests.cloud_test.CloudTest" name="test_meijucloud_get_keys" time="0.007" /><testcase classname="tests.cloud_test.CloudTest" name="test_meijucloud_list_appliances" time="0.006" /><testcase classname="tests.cloud_test.CloudTest" name="test_meijucloud_list_home" time="0.007" /><testcase classname="tests.cloud_test.CloudTest" name="test_meijucloud_login_invalid_user" time="0.006" /><testcase classname="tests.cloud_test.CloudTest" name="test_meijucloud_login_success" time="0.006" /><testcase classname="tests.cloud_test.CloudTest" name="test_midea_cloud_unimplemented" time="0.005" /><testcase classname="tests.cloud_test.CloudTest" name="test_mideaaircloud_download_lua" time="0.004" /><testcase classname="tests.cloud_test.CloudTest" name="test_mideaaircloud_get_device_info" time="0.009" /><testcase classname="tests.cloud_test.CloudTest" name="test_mideaaircloud_list_appliances" time="0.006" /><testcase classname="tests.cloud_test.CloudTest" name="test_mideaaircloud_list_home" time="0.004" /><testcase classname="tests.cloud_test.CloudTest" name="test_mideaaircloud_login_invalid_user" time="0.007" /><testcase classname="tests.cloud_test.CloudTest" name="test_mideaaircloud_login_success" time="0.006" /><testcase classname="tests.cloud_test.CloudTest" name="test_msmartcloud_download_lua" time="0.008" /><testcase classname="tests.cloud_test.CloudTest" name="test_msmartcloud_get_device_info" time="0.007" /><testcase classname="tests.cloud_test.CloudTest" name="test_msmartcloud_list_appliances" time="0.007" /><testcase classname="tests.cloud_test.CloudTest" name="test_msmartcloud_list_home" time="0.004" /><testcase classname="tests.cloud_test.CloudTest" name="test_msmartcloud_login_invalid_user" time="0.006" /><testcase classname="tests.cloud_test.CloudTest" name="test_msmartcloud_login_success" time="0.006" /><testcase classname="tests.crc8_test" name="test_calculate" time="0.001" /><testcase classname="tests.devices.a1.device_a1_test.TestMideaA1Device" name="test_initial_attributes" time="0.001" /><testcase classname="tests.devices.a1.device_a1_test.TestMideaA1Device" name="test_modes" time="0.001" /><testcase classname="tests.devices.a1.device_a1_test.TestMideaA1Device" name="test_fan_speeds" time="0.001" /><testcase classname="tests.devices.a1.device_a1_test.TestMideaA1Device" name="test_water_level_sets" time="0.001" /><testcase classname="tests.devices.a1.device_a1_test.TestMideaA1Device" name="test_process_message" time="0.003" /><testcase classname="tests.devices.a1.device_a1_test.TestMideaA1Device" name="test_build_query" time="0.001" /><testcase classname="tests.devices.a1.device_a1_test.TestMideaA1Device" name="test_make_message_set" time="0.003" /><testcase classname="tests.devices.a1.device_a1_test.TestMideaA1Device" name="test_set_attribute" time="0.002" /><testcase classname="tests.devices.a1.message_a1_test.TestMessageA1Base" name="test_message_id_increment" time="0.001" /><testcase classname="tests.devices.a1.message_a1_test.TestMessageA1Base" name="test_body_not_implemented" time="0.001" /><testcase classname="tests.devices.a1.message_a1_test.TestMessageQuery" name="test_query_body" time="0.001" /><testcase classname="tests.devices.a1.message_a1_test.TestMessageNewProtocolQuery" name="test_new_protocol_query_body" time="0.001" /><testcase classname="tests.devices.a1.message_a1_test.TestMessageSet" name="test_set_body" time="0.001" /><testcase classname="tests.devices.a1.message_a1_test.TestMessageNewProtocolSet" name="test_new_protocol_set_body" time="0.001" /><testcase classname="tests.devices.a1.message_a1_test.TestMessageA1Response" name="test_a1_general_response" time="0.001" /><testcase classname="tests.devices.a1.message_a1_test.TestMessageA1Response" name="test_a1_new_protocol_message_query" time="0.001" /><testcase classname="tests.devices.a1.message_a1_test.TestMessageA1Response" name="test_a1_general_notify_response" time="0.001" /><testcase classname="tests.devices.ac.device_ac_test.TestMideaACDevice" name="test_initial_attributes" time="0.001" /><testcase classname="tests.devices.ac.device_ac_test.TestMideaACDevice" name="test_set_attribute" time="0.018" /><testcase classname="tests.devices.ac.device_ac_test.TestMideaACDevice" name="test_build_query" time="0.001" /><testcase classname="tests.devices.ac.device_ac_test.TestMideaACDevice" name="test_process_message" time="0.003" /><testcase classname="tests.devices.ac.device_ac_test.TestMideaACDevice" name="test_set_target_temperature" time="0.001" /><testcase classname="tests.devices.ac.device_ac_test.TestMideaACDevice" name="test_set_swing" time="0.001" /><testcase classname="tests.devices.ac.device_ac_test.TestMideaACDevice" name="test_invalid_customize_format" time="0.001" /><testcase classname="tests.devices.ac.message_ac_test.TestMessageACBase" name="test_message_id_increment" time="0.001" /><testcase classname="tests.devices.ac.message_ac_test.TestMessageACBase" name="test_body_not_implemented" time="0.001" /><testcase classname="tests.devices.ac.message_ac_test.TestMessageQuery" name="test_query_body" time="0.001" /><testcase classname="tests.devices.ac.message_ac_test.TestMessagePowerQuery" name="test_power_query_body" time="0.001" /><testcase classname="tests.devices.ac.message_ac_test.TestMessageToggleDisplay" name="test_toggle_disply_body" time="0.001" /><testcase classname="tests.devices.ac.message_ac_test.TestMessageNewProtocolQuery" name="test_new_protocol_query_body" time="0.001" /><testcase classname="tests.devices.ac.message_ac_test.TestMessageSubProtocol" name="test_sub_protocol_body" time="0.001" /><testcase classname="tests.devices.ac.message_ac_test.TestMessageSubProtocolSet" name="test_sub_protocol_set_body" time="0.001" /><testcase classname="tests.devices.ac.message_ac_test.TestMessageGeneralSet" name="test_general_set_body" time="0.001" /><testcase classname="tests.devices.ac.message_ac_test.TestMessageACResponse" name="test_message_notify2_a0" time="0.001" /><testcase classname="tests.devices.ac.message_ac_test.TestMessageACResponse" name="test_message_notify1_a1" time="0.001" /><testcase classname="tests.devices.ac.message_ac_test.TestMessageACResponse" name="test_message_notify2_b0" time="0.001" /><testcase classname="tests.devices.ac.message_ac_test.TestMessageACResponse" name="test_message_query_c0" time="0.001" /><testcase classname="tests.devices.ac.message_ac_test.TestMessageACResponse" name="test_message_query_c1_method1" time="0.001" /><testcase classname="tests.devices.ac.message_ac_test.TestMessageACResponse" name="test_message_query_c1_method2" time="0.001" /><testcase classname="tests.devices.ac.message_ac_test.TestMessageACResponse" name="test_message_query_c1_method3" time="0.001" /><testcase classname="tests.devices.ac.message_ac_test.TestMessageACResponse" name="test_message_query_c1_0x40" time="0.001" /><testcase classname="tests.devices.ac.message_ac_test.TestMessageACResponse" name="test_message_query_bb_0x20" time="0.001" /><testcase classname="tests.devices.ac.message_ac_test.TestMessageACResponse" name="test_message_query_bb_0x10" time="0.001" /><testcase classname="tests.devices.ac.message_ac_test.TestMessageACResponse" name="test_message_query_bb_0x30" time="0.001" /><testcase classname="tests.devices.ac.message_ac_test.TestMessageACResponse" name="test_message_query_bb_unimplemented" time="0.001" /></testsuite></testsuites>