<?xml version="1.0" encoding="utf-8"?><testsuites><testsuite name="pytest" errors="0" failures="0" skipped="0" tests="1" time="1.423" timestamp="2024-05-21T22:19:42.770886" hostname="fv-az575-629"><testcase classname="tests.crc8_test" name="test_calculate" time="0.001" /></testsuite></testsuites>