<?xml version="1.0" encoding="utf-8"?><testsuites><testsuite name="pytest" errors="0" failures="0" skipped="0" tests="22" time="2.597" timestamp="2024-05-28T21:56:57.114496" hostname="fv-az1114-382"><testcase classname="tests.cloud_test.CloudTest" name="test_get_midea_cloud" time="0.094" /><testcase classname="tests.cloud_test.CloudTest" name="test_meijucloud_download_lua" time="0.014" /><testcase classname="tests.cloud_test.CloudTest" name="test_meijucloud_get_device_info" time="0.007" /><testcase classname="tests.cloud_test.CloudTest" name="test_meijucloud_get_keys" time="0.006" /><testcase classname="tests.cloud_test.CloudTest" name="test_meijucloud_list_appliances" time="0.007" /><testcase classname="tests.cloud_test.CloudTest" name="test_meijucloud_list_home" time="0.007" /><testcase classname="tests.cloud_test.CloudTest" name="test_meijucloud_login_invalid_user" time="0.006" /><testcase classname="tests.cloud_test.CloudTest" name="test_meijucloud_login_success" time="0.006" /><testcase classname="tests.cloud_test.CloudTest" name="test_midea_cloud_unimplemented" time="0.004" /><testcase classname="tests.cloud_test.CloudTest" name="test_mideaaircloud_download_lua" time="0.004" /><testcase classname="tests.cloud_test.CloudTest" name="test_mideaaircloud_get_device_info" time="0.006" /><testcase classname="tests.cloud_test.CloudTest" name="test_mideaaircloud_list_appliances" time="0.006" /><testcase classname="tests.cloud_test.CloudTest" name="test_mideaaircloud_list_home" time="0.004" /><testcase classname="tests.cloud_test.CloudTest" name="test_mideaaircloud_login_invalid_user" time="0.006" /><testcase classname="tests.cloud_test.CloudTest" name="test_mideaaircloud_login_success" time="0.006" /><testcase classname="tests.cloud_test.CloudTest" name="test_msmartcloud_download_lua" time="0.008" /><testcase classname="tests.cloud_test.CloudTest" name="test_msmartcloud_get_device_info" time="0.007" /><testcase classname="tests.cloud_test.CloudTest" name="test_msmartcloud_list_appliances" time="0.007" /><testcase classname="tests.cloud_test.CloudTest" name="test_msmartcloud_list_home" time="0.005" /><testcase classname="tests.cloud_test.CloudTest" name="test_msmartcloud_login_invalid_user" time="0.007" /><testcase classname="tests.cloud_test.CloudTest" name="test_msmartcloud_login_success" time="0.006" /><testcase classname="tests.crc8_test" name="test_calculate" time="0.001" /></testsuite></testsuites>